Der Buildvorgang wurde am 17.02.2013 20:07:37 gestartet.
     1>Projekt "C:\Users\Alex\Documents\GitHub\uStore\TwErg - Shop\TwErg - Shop.vcxproj" auf Knoten "2", build Ziel(e).
     1>InitializeBuildStatus:
         Aktualisieren des Timestamps von "Debug\uStore.unsuccessfulbuild".
       GenerateTargetFrameworkMonikerAttribute:
       Das Ziel "GenerateTargetFrameworkMonikerAttribute" wird übersprungen, da alle Ausgabedateien hinsichtlich der Eingabedateien aktuell sind.
       ClCompile:
         Alle Ausgaben sind aktuell.
         c:\Program Files (x86)\Microsoft Visual Studio 10.0\VC\bin\CL.exe /c /AI"C:\Program Files (x86)\Reference Assemblies\Microsoft\Framework\.NETFramework\v4.0" /Zi /clr:pure /nologo /W3 /WX- /Od /Oy- /D WIN32 /D _DEBUG /D _UNICODE /D UNICODE /EHa /MDd /GS /fp:precise /Zc:wchar_t /Zc:forScope /Yu"StdAfx.h" /Fp"Debug\uStore.pch" /Fo"Debug\\" /Fd"Debug\vc100.pdb" /TP /FU"C:\Program Files (x86)\Reference Assemblies\Microsoft\Framework\.NETFramework\v4.0\System.Core.dll" /FU"C:\Program Files (x86)\Reference Assemblies\Microsoft\Framework\.NETFramework\v4.0\System.Data.dll" /FU"C:\Program Files (x86)\Reference Assemblies\Microsoft\Framework\.NETFramework\v4.0\System.dll" /FU"C:\Program Files (x86)\Reference Assemblies\Microsoft\Framework\.NETFramework\v4.0\System.Drawing.dll" /FU"C:\Program Files (x86)\Reference Assemblies\Microsoft\Framework\.NETFramework\v4.0\System.Windows.Forms.dll" /FU"C:\Program Files (x86)\Reference Assemblies\Microsoft\Framework\.NETFramework\v4.0\System.Xml.dll" /analyze- /errorReport:prompt Create_Shop_Control.cpp uStore_Login.cpp uStore_main.cpp /clr:nostdlib 
         Create_Shop_Control.cpp
         uStore_Login.cpp
         uStore_main.cpp
         Code wird generiert...
         Alle Ausgaben sind aktuell.
       CoreResGen:
         Es sind keine Ressourcen vorhanden, die im Hinblick auf die Quelldateien veraltet sind. Die Ressourcengenerierung wird übersprungen.
       ResourceCompile:
         Alle Ausgaben sind aktuell.
       Link:
         c:\Program Files (x86)\Microsoft Visual Studio 10.0\VC\bin\link.exe /ERRORREPORT:PROMPT /OUT:"C:\Users\Alex\Documents\GitHub\uStore\Debug\uStore.exe" /INCREMENTAL /NOLOGO /ASSEMBLYRESOURCE:Debug\TwErgShop.Create_Shop.resources /ASSEMBLYRESOURCE:Debug\TwErgShop.Create_Shop_Control.resources /ASSEMBLYRESOURCE:Debug\TwErgShop.Login_Fehler.resources /ASSEMBLYRESOURCE:Debug\TwErgShop.uStore_Login.resources /ASSEMBLYRESOURCE:Debug\TwErgShop.uStore_main.resources /MANIFEST /ManifestFile:"Debug\uStore.exe.intermediate.manifest" /MANIFESTUAC:"level='asInvoker' uiAccess='false'" /DEBUG /PDB:"C:\Users\Alex\Documents\GitHub\uStore\Debug\uStore.pdb" /ASSEMBLYDEBUG /SUBSYSTEM:WINDOWS /TLBID:1 /ENTRY:"main" /DYNAMICBASE /FIXED:NO /NXCOMPAT /MACHINE:X86 Debug\app.res
         Debug\Artikel.obj
         Debug\AssemblyInfo.obj
         Debug\Create_Shop.obj
         Debug\Create_Shop_Control.obj
         Debug\Login_Fehler.obj
         Debug\Shop.obj
         Debug\stdafx.obj
         Debug\uStore_Login.obj
         Debug\uStore_main.obj
         "Debug\.NETFramework,Version=v4.0.AssemblyAttributes.obj"
         TwErg - Shop.vcxproj -> C:\Users\Alex\Documents\GitHub\uStore\Debug\uStore.exe
       Manifest:
         C:\Program Files (x86)\Microsoft SDKs\Windows\v7.0A\bin\mt.exe /nologo /verbose /outputresource:"C:\Users\Alex\Documents\GitHub\uStore\Debug\uStore.exe;#1" /manifest Debug\uStore.exe.intermediate.manifest
       FinalizeBuildStatus:
         Die Datei "Debug\uStore.unsuccessfulbuild" wird gelöscht.
         Aktualisieren des Timestamps von "Debug\uStore.lastbuildstate".
     1>Die Erstellung des Projekts "C:\Users\Alex\Documents\GitHub\uStore\TwErg - Shop\TwErg - Shop.vcxproj" ist abgeschlossen, build Ziel(e).

Das Erstellen war erfolgreich.

Verstrichene Zeit 00:00:08.35
